c:\backup\ic2014\windowsapp\windowsapp\debug\windowsapp.pch
c:\backup\ic2014\windowsapp\windowsapp\debug\vc120.pdb
c:\backup\ic2014\windowsapp\windowsapp\debug\vc120.idb
c:\backup\ic2014\windowsapp\windowsapp\debug\pch.obj
c:\backup\ic2014\windowsapp\windowsapp\debug\xamltypeinfo.impl.g.obj
c:\backup\ic2014\windowsapp\windowsapp\debug\navigationhelper.obj
c:\backup\ic2014\windowsapp\windowsapp\debug\app.xaml.obj
c:\backup\ic2014\windowsapp\windowsapp\debug\relaycommand.obj
c:\backup\ic2014\windowsapp\windowsapp\debug\basicpage.xaml.obj
c:\backup\ic2014\windowsapp\windowsapp\debug\suspensionmanager.obj
c:\backup\ic2014\windowsapp\debug\windowsapp\windowsapp.winmd
c:\backup\ic2014\windowsapp\windowsapp\debug\windowsapp.tlog\windowsapp.winmd.lastbuild
c:\backup\ic2014\windowsapp\windowsapp\debug\xamlsavestatefile.xml
c:\backup\ic2014\windowsapp\windowsapp\debug\windowsapp.tlog\cl.command.1.tlog
c:\backup\ic2014\windowsapp\windowsapp\debug\windowsapp.tlog\cl.read.1.tlog
c:\backup\ic2014\windowsapp\windowsapp\debug\windowsapp.tlog\cl.write.1.tlog
c:\backup\ic2014\windowsapp\windowsapp\debug\windowsapp.tlog\link.command.1.tlog
c:\backup\ic2014\windowsapp\windowsapp\debug\windowsapp.tlog\link.read.1.tlog
c:\backup\ic2014\windowsapp\windowsapp\debug\windowsapp.tlog\link.write.1.tlog
c:\backup\ic2014\windowsapp\windowsapp\generated files\app.g.h
c:\backup\ic2014\windowsapp\windowsapp\generated files\basicpage.g.h
c:\backup\ic2014\windowsapp\windowsapp\generated files\mainpage.g.h
c:\backup\ic2014\windowsapp\windowsapp\generated files\xamltypeinfo.g.h
c:\backup\ic2014\windowsapp\windowsapp\generated files\xamllibmetadataprovider.g.cpp
c:\backup\ic2014\windowsapp\windowsapp\generated files\xamltypeinfo.g.cpp
c:\backup\ic2014\windowsapp\windowsapp\generated files\xamltypeinfo.impl.g.cpp
c:\backup\ic2014\windowsapp\windowsapp\generated files\app.xaml
c:\backup\ic2014\windowsapp\windowsapp\generated files\basicpage.xaml
c:\backup\ic2014\windowsapp\windowsapp\generated files\mainpage.xaml
